This is pdfTeX, Version 3.141592653-2.6-1.40.24 (MiKTeX 21.12.10) (preloaded format=pdflatex 2022.8.16)  7 AUG 2023 08:37
entering extended mode
 restricted \write18 enabled.
 %&-line parsing enabled.
**./final.tex
(final.tex
LaTeX2e <2021-11-15> patch level 1
L3 programming layer <2021-11-22>
(C:\Users\PC\AppData\Local\Programs\MiKTeX\tex/latex/base\report.cls
Document Class: report 2021/10/04 v1.4n Standard LaTeX document class
(C:\Users\PC\AppData\Local\Programs\MiKTeX\tex/latex/base\size12.clo
File: size12.clo 2021/10/04 v1.4n Standard LaTeX file (size option)
)
\c@part=\count183
\c@chapter=\count184
\c@section=\count185
\c@subsection=\count186
\c@subsubsection=\count187
\c@paragraph=\count188
\c@subparagraph=\count189
\c@figure=\count190
\c@table=\count191
\abovecaptionskip=\skip47
\belowcaptionskip=\skip48
\bibindent=\dimen138
)
(C:\Users\PC\AppData\Local\Programs\MiKTeX\tex/latex/enumitem\enumitem.sty
Package: enumitem 2019/06/20 v3.9 Customized lists
\enitkv@toks@=\toks16
\labelindent=\skip49
\enit@outerparindent=\dimen139
\enit@toks=\toks17
\enit@inbox=\box50
\enit@count@id=\count192
\enitdp@description=\count193
)
(C:\Users\PC\AppData\Local\Programs\MiKTeX\tex/latex/titlesec\titlesec.sty
Package: titlesec 2021/07/05 v2.14 Sectioning titles
\ttl@box=\box51
\beforetitleunit=\skip50
\aftertitleunit=\skip51
\ttl@plus=\dimen140
\ttl@minus=\dimen141
\ttl@toksa=\toks18
\titlewidth=\dimen142
\titlewidthlast=\dimen143
\titlewidthfirst=\dimen144
)
(C:\Users\PC\AppData\Local\Programs\MiKTeX\tex/latex/amsmath\amsmath.sty
Package: amsmath 2021/10/15 v2.17l AMS math features
\@mathmargin=\skip52

For additional information on amsmath, use the `?' option.
(C:\Users\PC\AppData\Local\Programs\MiKTeX\tex/latex/amsmath\amstext.sty
Package: amstext 2021/08/26 v2.01 AMS text

(C:\Users\PC\AppData\Local\Programs\MiKTeX\tex/latex/amsmath\amsgen.sty
File: amsgen.sty 1999/11/30 v2.0 generic functions
\@emptytoks=\toks19
\ex@=\dimen145
))
(C:\Users\PC\AppData\Local\Programs\MiKTeX\tex/latex/amsmath\amsbsy.sty
Package: amsbsy 1999/11/29 v1.2d Bold Symbols
\pmbraise@=\dimen146
)
(C:\Users\PC\AppData\Local\Programs\MiKTeX\tex/latex/amsmath\amsopn.sty
Package: amsopn 2021/08/26 v2.02 operator names
)
\inf@bad=\count194
LaTeX Info: Redefining \frac on input line 234.
\uproot@=\count195
\leftroot@=\count196
LaTeX Info: Redefining \overline on input line 399.
\classnum@=\count197
\DOTSCASE@=\count198
LaTeX Info: Redefining \ldots on input line 496.
LaTeX Info: Redefining \dots on input line 499.
LaTeX Info: Redefining \cdots on input line 620.
\Mathstrutbox@=\box52
\strutbox@=\box53
\big@size=\dimen147
LaTeX Font Info:    Redeclaring font encoding OML on input line 743.
LaTeX Font Info:    Redeclaring font encoding OMS on input line 744.
\macc@depth=\count199
\c@MaxMatrixCols=\count266
\dotsspace@=\muskip16
\c@parentequation=\count267
\dspbrk@lvl=\count268
\tag@help=\toks20
\row@=\count269
\column@=\count270
\maxfields@=\count271
\andhelp@=\toks21
\eqnshift@=\dimen148
\alignsep@=\dimen149
\tagshift@=\dimen150
\tagwidth@=\dimen151
\totwidth@=\dimen152
\lineht@=\dimen153
\@envbody=\toks22
\multlinegap=\skip53
\multlinetaggap=\skip54
\mathdisplay@stack=\toks23
LaTeX Info: Redefining \[ on input line 2938.
LaTeX Info: Redefining \] on input line 2939.
)
(C:\Users\PC\AppData\Local\Programs\MiKTeX\tex/latex/base\inputenc.sty
Package: inputenc 2021/02/14 v1.3d Input encoding file
\inpenc@prehook=\toks24
\inpenc@posthook=\toks25
)
(C:\Users\PC\AppData\Local\Programs\MiKTeX\tex/latex/amsfonts\amssymb.sty
Package: amssymb 2013/01/14 v3.01 AMS font symbols

(C:\Users\PC\AppData\Local\Programs\MiKTeX\tex/latex/amsfonts\amsfonts.sty
Package: amsfonts 2013/01/14 v3.01 Basic AMSFonts support
\symAMSa=\mathgroup4
\symAMSb=\mathgroup5
LaTeX Font Info:    Redeclaring math symbol \hbar on input line 98.
LaTeX Font Info:    Overwriting math alphabet `\mathfrak' in version `bold'
(Font)                  U/euf/m/n --> U/euf/b/n on input line 106.
))
(C:\Users\PC\AppData\Local\Programs\MiKTeX\tex/latex/tools\array.sty
Package: array 2021/10/04 v2.5f Tabular extension package (FMi)
\col@sep=\dimen154
\ar@mcellbox=\box54
\extrarowheight=\dimen155
\NC@list=\toks26
\extratabsurround=\skip55
\backup@length=\skip56
\ar@cellbox=\box55
)
(C:\Users\PC\AppData\Local\Programs\MiKTeX\tex/latex/graphics\graphicx.sty
Package: graphicx 2021/09/16 v1.2d Enhanced LaTeX Graphics (DPC,SPQR)

(C:\Users\PC\AppData\Local\Programs\MiKTeX\tex/latex/graphics\keyval.sty
Package: keyval 2014/10/28 v1.15 key=value parser (DPC)
\KV@toks@=\toks27
)
(C:\Users\PC\AppData\Local\Programs\MiKTeX\tex/latex/graphics\graphics.sty
Package: graphics 2021/03/04 v1.4d Standard LaTeX Graphics (DPC,SPQR)

(C:\Users\PC\AppData\Local\Programs\MiKTeX\tex/latex/graphics\trig.sty
Package: trig 2021/08/11 v1.11 sin cos tan (DPC)
)
(C:\Users\PC\AppData\Local\Programs\MiKTeX\tex/latex/graphics-cfg\graphics.cfg
File: graphics.cfg 2016/06/04 v1.11 sample graphics configuration
)
Package graphics Info: Driver file: pdftex.def on input line 107.
(C:\Users\PC\AppData\Local\Programs\MiKTeX\tex/latex/graphics-def\pdftex.def
File: pdftex.def 2020/10/05 v1.2a Graphics/color driver for pdftex
))
\Gin@req@height=\dimen156
\Gin@req@width=\dimen157
) (C:\Users\PC\AppData\Local\Programs\MiKTeX\tex/latex/graphics\color.sty
Package: color 2021/10/11 v1.3b Standard LaTeX Color (DPC)

(C:\Users\PC\AppData\Local\Programs\MiKTeX\tex/latex/graphics-cfg\color.cfg
File: color.cfg 2016/01/02 v1.6 sample color configuration
)
Package color Info: Driver file: pdftex.def on input line 149.

(C:\Users\PC\AppData\Local\Programs\MiKTeX\tex/latex/graphics\dvipsnam.def
File: dvipsnam.def 2016/06/17 v3.0m Driver-dependent file (DPC,SPQR)
))
(C:\Users\PC\AppData\Local\Programs\MiKTeX\tex/latex/sidecap\sidecap.sty
Package: sidecap 2003/06/06 v1.6f SideCap Package (RN/HjG)

(C:\Users\PC\AppData\Local\Programs\MiKTeX\tex/latex/base\ifthen.sty
Package: ifthen 2020/11/24 v1.1c Standard LaTeX ifthen package (DPC)
)
\SC@BOXWD=\dimen158
\SC@CAPWD=\dimen159
\SC@tempdima=\dimen160
\SC@tempdimb=\dimen161
\c@SC@C=\count272
\SC@BOX=\box56
)
(C:\Users\PC\AppData\Local\Programs\MiKTeX\tex/latex/wrapfig\wrapfig.sty
\wrapoverhang=\dimen162
\WF@size=\dimen163
\c@WF@wrappedlines=\count273
\WF@box=\box57
\WF@everypar=\toks28
Package: wrapfig 2003/01/31  v 3.6
)
(C:\Users\PC\AppData\Local\Programs\MiKTeX\tex/latex/tools\tabularx.sty
Package: tabularx 2020/01/15 v2.11c `tabularx' package (DPC)
\TX@col@width=\dimen164
\TX@old@table=\dimen165
\TX@old@col=\dimen166
\TX@target=\dimen167
\TX@delta=\dimen168
\TX@cols=\count274
\TX@ftn=\toks29
)
(C:\Users\PC\AppData\Local\Programs\MiKTeX\tex/latex/parskip\parskip.sty
Package: parskip 2021-03-14 v2.0h non-zero parskip adjustments

(C:\Users\PC\AppData\Local\Programs\MiKTeX\tex/latex/kvoptions\kvoptions.sty
Package: kvoptions 2022-06-15 v3.15 Key value format for package options (HO)

(C:\Users\PC\AppData\Local\Programs\MiKTeX\tex/generic/ltxcmds\ltxcmds.sty
Package: ltxcmds 2020-05-10 v1.25 LaTeX kernel commands for general use (HO)
)
(C:\Users\PC\AppData\Local\Programs\MiKTeX\tex/generic/kvsetkeys\kvsetkeys.sty
Package: kvsetkeys 2019/12/15 v1.18 Key value parser (HO)
)) (C:\Users\PC\AppData\Local\Programs\MiKTeX\tex/latex/etoolbox\etoolbox.sty
Package: etoolbox 2020/10/05 v2.5k e-TeX tools for LaTeX (JAW)
\etb@tempcnta=\count275
))
(C:\Users\PC\AppData\Local\Programs\MiKTeX\tex/latex/caption\caption.sty
Package: caption 2022/03/01 v3.6b Customizing captions (AR)

(C:\Users\PC\AppData\Local\Programs\MiKTeX\tex/latex/caption\caption3.sty
Package: caption3 2022/03/17 v2.3b caption3 kernel (AR)
\caption@tempdima=\dimen169
\captionmargin=\dimen170
\caption@leftmargin=\dimen171
\caption@rightmargin=\dimen172
\caption@width=\dimen173
\caption@indent=\dimen174
\caption@parindent=\dimen175
\caption@hangindent=\dimen176
Package caption Info: Standard document class detected.
)
\c@caption@flags=\count276
\c@continuedfloat=\count277
Package caption Info: sidecap package is loaded.
Package caption Info: wrapfig package is loaded.
)
(C:\Users\PC\AppData\Local\Programs\MiKTeX\tex/latex/caption\subcaption.sty
Package: subcaption 2022/01/07 v1.5 Sub-captions (AR)
\c@subfigure=\count278
\c@subtable=\count279
)
(C:\Users\PC\AppData\Local\Programs\MiKTeX\tex/latex/listings\listings.sty
\lst@mode=\count280
\lst@gtempboxa=\box58
\lst@token=\toks30
\lst@length=\count281
\lst@currlwidth=\dimen177
\lst@column=\count282
\lst@pos=\count283
\lst@lostspace=\dimen178
\lst@width=\dimen179
\lst@newlines=\count284
\lst@lineno=\count285
\lst@maxwidth=\dimen180

(C:\Users\PC\AppData\Local\Programs\MiKTeX\tex/latex/listings\lstmisc.sty
File: lstmisc.sty 2020/03/24 1.8d (Carsten Heinz)
\c@lstnumber=\count286
\lst@skipnumbers=\count287
\lst@framebox=\box59
)
(C:\Users\PC\AppData\Local\Programs\MiKTeX\tex/latex/listings\listings.cfg
File: listings.cfg 2020/03/24 1.8d listings configuration
))
Package: listings 2020/03/24 1.8d (Carsten Heinz)

(C:\Users\PC\AppData\Local\Programs\MiKTeX\tex/latex/xcolor\xcolor.sty
Package: xcolor 2021/10/31 v2.13 LaTeX color extensions (UK)

(C:\Users\PC\AppData\Local\Programs\MiKTeX\tex/latex/graphics-cfg\color.cfg
File: color.cfg 2016/01/02 v1.6 sample color configuration
)
Package xcolor Info: Driver file: pdftex.def on input line 227.
LaTeX Info: Redefining \color on input line 711.
Package xcolor Info: Model `cmy' substituted by `cmy0' on input line 1352.
Package xcolor Info: Model `hsb' substituted by `rgb' on input line 1356.
Package xcolor Info: Model `RGB' extended on input line 1368.
Package xcolor Info: Model `HTML' substituted by `rgb' on input line 1370.
Package xcolor Info: Model `Hsb' substituted by `hsb' on input line 1371.
Package xcolor Info: Model `tHsb' substituted by `hsb' on input line 1372.
Package xcolor Info: Model `HSB' substituted by `hsb' on input line 1373.
Package xcolor Info: Model `Gray' substituted by `gray' on input line 1374.
Package xcolor Info: Model `wave' substituted by `hsb' on input line 1375.
)
(C:\Users\PC\AppData\Local\Programs\MiKTeX\tex/latex/listings\lstlang1.sty
File: lstlang1.sty 2020/03/24 1.8d listings language file
)
(C:\Users\PC\AppData\Local\Programs\MiKTeX\tex/latex/fancybox\fancybox.sty
Package: fancybox 2010/05/15 1.4

Style option: `fancybox' v1.4 <2010/05/15> (tvz)
\@fancybox=\box60
\shadowsize=\dimen181
\@Sbox=\box61
\do@VerbBox=\toks31
\the@fancyput=\toks32
\this@fancyput=\toks33
\EndVerbatimTokens=\toks34
\Verbatim@Outfile=\write3
\Verbatim@Infile=\read2
) (C:\Users\PC\AppData\Local\Programs\MiKTeX\tex/latex/fancyhdr\fancyhdr.sty
Package: fancyhdr 2022/05/18 v4.0.3 Extensive control of page headers and foote
rs
\f@nch@headwidth=\skip57
\f@nch@O@elh=\skip58
\f@nch@O@erh=\skip59
\f@nch@O@olh=\skip60
\f@nch@O@orh=\skip61
\f@nch@O@elf=\skip62
\f@nch@O@erf=\skip63
\f@nch@O@olf=\skip64
\f@nch@O@orf=\skip65
)
(C:\Users\PC\AppData\Local\Programs\MiKTeX\tex/latex/tex-gyre\tgbonum.sty
Package: tgbonum 2009/09/27 v1.2 TeX Gyre Bonum as default roman family
)
(C:\Users\PC\AppData\Local\Programs\MiKTeX\tex/latex/imakeidx\imakeidx.sty
Package: imakeidx 2016/10/15 v1.3e Package for typesetting indices in a synchro
nous mode

(C:\Users\PC\AppData\Local\Programs\MiKTeX\tex/latex/xkeyval\xkeyval.sty
Package: xkeyval 2020/11/20 v2.8 package option processing (HA)

(C:\Users\PC\AppData\Local\Programs\MiKTeX\tex/generic/xkeyval\xkeyval.tex
(C:\Users\PC\AppData\Local\Programs\MiKTeX\tex/generic/xkeyval\xkvutils.tex
\XKV@toks=\toks35
\XKV@tempa@toks=\toks36
)
\XKV@depth=\count288
File: xkeyval.tex 2014/12/03 v2.7a key=value parser (HA)
))
(C:\Users\PC\AppData\Local\Programs\MiKTeX\tex/generic/iftex\ifxetex.sty
Package: ifxetex 2019/10/25 v0.7 ifxetex legacy package. Use iftex instead.

(C:\Users\PC\AppData\Local\Programs\MiKTeX\tex/generic/iftex\iftex.sty
Package: iftex 2020/03/06 v1.0d TeX engine tests
))
(C:\Users\PC\AppData\Local\Programs\MiKTeX\tex/generic/iftex\ifluatex.sty
Package: ifluatex 2019/10/25 v1.5 ifluatex legacy package. Use iftex instead.
)
(C:\Users\PC\AppData\Local\Programs\MiKTeX\tex/latex/tools\multicol.sty
Package: multicol 2021/10/28 v1.9b multicolumn formatting (FMi)
\c@tracingmulticols=\count289
\mult@box=\box62
\multicol@leftmargin=\dimen182
\c@unbalance=\count290
\c@collectmore=\count291
\doublecol@number=\count292
\multicoltolerance=\count293
\multicolpretolerance=\count294
\full@width=\dimen183
\page@free=\dimen184
\premulticols=\dimen185
\postmulticols=\dimen186
\multicolsep=\skip66
\multicolbaselineskip=\skip67
\partial@page=\box63
\last@line=\box64
\maxbalancingoverflow=\dimen187
\mult@rightbox=\box65
\mult@grightbox=\box66
\mult@firstbox=\box67
\mult@gfirstbox=\box68
\@tempa=\box69
\@tempa=\box70
\@tempa=\box71
\@tempa=\box72
\@tempa=\box73
\@tempa=\box74
\@tempa=\box75
\@tempa=\box76
\@tempa=\box77
\@tempa=\box78
\@tempa=\box79
\@tempa=\box80
\@tempa=\box81
\@tempa=\box82
\@tempa=\box83
\@tempa=\box84
\@tempa=\box85
\@tempa=\box86
\@tempa=\box87
\@tempa=\box88
\@tempa=\box89
\@tempa=\box90
\@tempa=\box91
\@tempa=\box92
\@tempa=\box93
\@tempa=\box94
\@tempa=\box95
\@tempa=\box96
\@tempa=\box97
\@tempa=\box98
\@tempa=\box99
\@tempa=\box100
\@tempa=\box101
\@tempa=\box102
\@tempa=\box103
\@tempa=\box104
\c@minrows=\count295
\c@columnbadness=\count296
\c@finalcolumnbadness=\count297
\last@try=\dimen188
\multicolovershoot=\dimen189
\multicolundershoot=\dimen190
\mult@nat@firstbox=\box105
\colbreak@box=\box106
\mc@col@check@num=\count298
))
\final@idxfile=\write4
\openout4 = `final.idx'.


Writing index file final.idx
(C:\Users\PC\AppData\Local\Programs\MiKTeX\tex/latex/url\url.sty
\Urlmuskip=\muskip17
Package: url 2013/09/16  ver 3.4  Verb mode for urls, etc.
)
(C:\Users\PC\AppData\Local\Programs\MiKTeX\tex/latex/ragged2e\ragged2e.sty
Package: ragged2e 2021/02/05 v3.0 ragged2e Package
\CenteringLeftskip=\skip68
\RaggedLeftLeftskip=\skip69
\RaggedRightLeftskip=\skip70
\CenteringRightskip=\skip71
\RaggedLeftRightskip=\skip72
\RaggedRightRightskip=\skip73
\CenteringParfillskip=\skip74
\RaggedLeftParfillskip=\skip75
\RaggedRightParfillskip=\skip76
\JustifyingParfillskip=\skip77
\CenteringParindent=\skip78
\RaggedLeftParindent=\skip79
\RaggedRightParindent=\skip80
\JustifyingParindent=\skip81
)
LaTeX Font Info:    Trying to load font information for OT1+qbk on input line 8
8.

(C:\Users\PC\AppData\Local\Programs\MiKTeX\tex/latex/tex-gyre\ot1qbk.fd
File: ot1qbk.fd 2009/09/25 v1.2 font definition file for OT1/qbk
)
(C:\Users\PC\AppData\Local\Programs\MiKTeX\tex/latex/l3backend\l3backend-pdftex
.def
File: l3backend-pdftex.def 2021-10-18 L3 backend support: PDF output (pdfTeX)
\l__color_backend_stack_int=\count299
\l__pdf_internal_box=\box107
) (final.aux

LaTeX Warning: Label `fig:8pt' multiply defined.


LaTeX Warning: Label `fig:8table' multiply defined.

)
\openout1 = `final.aux'.

LaTeX Font Info:    Checking defaults for OML/cmm/m/it on input line 88.
LaTeX Font Info:    ... okay on input line 88.
LaTeX Font Info:    Checking defaults for OMS/cmsy/m/n on input line 88.
LaTeX Font Info:    ... okay on input line 88.
LaTeX Font Info:    Checking defaults for OT1/cmr/m/n on input line 88.
LaTeX Font Info:    ... okay on input line 88.
LaTeX Font Info:    Checking defaults for T1/cmr/m/n on input line 88.
LaTeX Font Info:    ... okay on input line 88.
LaTeX Font Info:    Checking defaults for TS1/cmr/m/n on input line 88.
LaTeX Font Info:    ... okay on input line 88.
LaTeX Font Info:    Checking defaults for OMX/cmex/m/n on input line 88.
LaTeX Font Info:    ... okay on input line 88.
LaTeX Font Info:    Checking defaults for U/cmr/m/n on input line 88.
LaTeX Font Info:    ... okay on input line 88.

(C:\Users\PC\AppData\Local\Programs\MiKTeX\tex/context/base/mkii\supp-pdf.mkii
[Loading MPS to PDF converter (version 2006.09.02).]
\scratchcounter=\count300
\scratchdimen=\dimen191
\scratchbox=\box108
\nofMPsegments=\count301
\nofMParguments=\count302
\everyMPshowfont=\toks37
\MPscratchCnt=\count303
\MPscratchDim=\dimen192
\MPnumerator=\count304
\makeMPintoPDFobject=\count305
\everyMPtoPDFconversion=\toks38
)
(C:\Users\PC\AppData\Local\Programs\MiKTeX\tex/latex/epstopdf-pkg\epstopdf-base
.sty
Package: epstopdf-base 2020-01-24 v2.11 Base part for package epstopdf
Package epstopdf-base Info: Redefining graphics rule for `.eps' on input line 4
85.

(C:\Users\PC\AppData\Local\Programs\MiKTeX\tex/latex/00miktex\epstopdf-sys.cfg
File: epstopdf-sys.cfg 2021/03/18 v2.0 Configuration of epstopdf for MiKTeX
))
Package caption Info: Begin \AtBeginDocument code.
Package caption Info: listings package is loaded.
Package caption Info: End \AtBeginDocument code.
\c@lstlisting=\count306
<ias.png, id=1, 220.825pt x 220.825pt>
File: ias.png Graphic file (type png)
<use ias.png>
Package pdftex.def Info: ias.png  used on input line 94.
(pdftex.def)             Requested size: 93.6013pt x 93.60172pt.
LaTeX Font Info:    Trying to load font information for U+msa on input line 95.

 (C:\Users\PC\AppData\Local\Programs\MiKTeX\tex/latex/amsfonts\umsa.fd
File: umsa.fd 2013/01/14 v3.01 AMS symbols A
)
LaTeX Font Info:    Trying to load font information for U+msb on input line 95.


(C:\Users\PC\AppData\Local\Programs\MiKTeX\tex/latex/amsfonts\umsb.fd
File: umsb.fd 2013/01/14 v3.01 AMS symbols B
)
<insa.png, id=3, 57.63533pt x 57.63533pt>
File: insa.png Graphic file (type png)
<use insa.png>
Package pdftex.def Info: insa.png  used on input line 98.
(pdftex.def)             Requested size: 93.6013pt x 93.60439pt.
<nasi.png, id=4, 320.19624pt x 320.19624pt>
File: nasi.png Graphic file (type png)
<use nasi.png>
Package pdftex.def Info: nasi.png  used on input line 102.
(pdftex.def)             Requested size: 93.6013pt x 93.59717pt.
<iisc.png, id=5, 845.0772pt x 597.432pt>
File: iisc.png Graphic file (type png)
<use iisc.png>
Package pdftex.def Info: iisc.png  used on input line 115.
(pdftex.def)             Requested size: 272.99881pt x 192.99625pt.
 [1

{C:/Users/PC/AppData/Local/MiKTeX/fonts/map/pdftex/pdftex.map} <./ias.png> <./i
nsa.png> <./nasi.png> <./iisc.png>]
Underfull \hbox (badness 10000) in paragraph at lines 136--137

 []


Underfull \hbox (badness 10000) in paragraph at lines 142--143

 []

[1]
Underfull \hbox (badness 10000) in paragraph at lines 164--165

 []

[2] (final.toc)
\tf@toc=\write5
\openout5 = `final.toc'.

 [3

] (final.lof)
\tf@lof=\write6
\openout6 = `final.lof'.

 [4

]
<pic1.png, id=29, 721.4955pt x 375.20175pt>
File: pic1.png Graphic file (type png)
<use pic1.png>
Package pdftex.def Info: pic1.png  used on input line 182.
(pdftex.def)             Requested size: 390.0pt x 202.81775pt.
<pic2.png, id=30, 890.1255pt x 497.4585pt>
File: pic2.png Graphic file (type png)
<use pic2.png>
Package pdftex.def Info: pic2.png  used on input line 187.
(pdftex.def)             Requested size: 390.0pt x 217.95636pt.


LaTeX Warning: `h' float specifier changed to `ht'.


Overfull \hbox (6.68028pt too wide) in paragraph at lines 193--194
[]\OT1/qbk/m/n/12 Instead of opt-ing for a straight-for-ward curve fit-ting ap-
proach, which
 []


Underfull \vbox (badness 1721) has occurred while \output is active []

 [5

 <./pic1.png>] [6 <./pic2.png>]
Chapter 1.
<caustic.png, id=43, 199.947pt x 404.712pt>
File: caustic.png Graphic file (type png)
<use caustic.png>
Package pdftex.def Info: caustic.png  used on input line 204.
(pdftex.def)             Requested size: 123.51126pt x 250.0pt.
<ortho.png, id=44, 325.215pt x 325.215pt>
File: ortho.png Graphic file (type png)
<use ortho.png>
Package pdftex.def Info: ortho.png  used on input line 209.
(pdftex.def)             Requested size: 250.00444pt x 250.0pt.

Overfull \hbox (55.00444pt too wide) in paragraph at lines 209--210
 [][] 
 []

[7

 <./caustic.png> <./ortho.png (PNG copy)>]
Underfull \hbox (badness 10000) in paragraph at lines 218--219

 []

[8]
<combth.png, id=52, 416.757pt x 260.172pt>
File: combth.png Graphic file (type png)
<use combth.png>
Package pdftex.def Info: combth.png  used on input line 241.
(pdftex.def)             Requested size: 312.3762pt x 195.0pt.


LaTeX Warning: `h' float specifier changed to `ht'.

[9]
Underfull \hbox (badness 10000) in paragraph at lines 252--253

 []


Underfull \hbox (badness 10000) in paragraph at lines 254--255

 []

(C:\Users\PC\AppData\Local\Programs\MiKTeX\tex/latex/listings\lstlang1.sty
File: lstlang1.sty 2020/03/24 1.8d listings language file
)
(C:\Users\PC\AppData\Local\Programs\MiKTeX\tex/latex/listings\lstlang1.sty
File: lstlang1.sty 2020/03/24 1.8d listings language file
)
(C:\Users\PC\AppData\Local\Programs\MiKTeX\tex/latex/listings\lstlang1.sty
File: lstlang1.sty 2020/03/24 1.8d listings language file
)
(C:\Users\PC\AppData\Local\Programs\MiKTeX\tex/latex/listings\lstlang1.sty
File: lstlang1.sty 2020/03/24 1.8d listings language file
)
[10 <./combth.png>]
Underfull \hbox (badness 10000) in paragraph at lines 295--296

 []

[11]
<4pointpath.png, id=64, 419.76825pt x 248.127pt>
File: 4pointpath.png Graphic file (type png)
<use 4pointpath.png>
Package pdftex.def Info: 4pointpath.png  used on input line 311.
(pdftex.def)             Requested size: 195.0pt x 115.26427pt.
<4pointall.png, id=65, 421.575pt x 281.853pt>
File: 4pointall.png Graphic file (type png)
<use 4pointall.png>
Package pdftex.def Info: 4pointall.png  used on input line 316.
(pdftex.def)             Requested size: 175.49881pt x 117.33667pt.

Overfull \hbox (2.556pt too wide) in paragraph at lines 309--319
[]$[]$ $[]$ 
 []

<5pointpath.png, id=66, 471.56175pt x 304.13625pt>
File: 5pointpath.png Graphic file (type png)
<use 5pointpath.png>
Package pdftex.def Info: 5pointpath.png  used on input line 326.
(pdftex.def)             Requested size: 195.0pt x 125.76868pt.
<finalpath.png, id=67, 459.51675pt x 289.68225pt>
File: finalpath.png Graphic file (type png)
<use finalpath.png>
Package pdftex.def Info: finalpath.png  used on input line 331.
(pdftex.def)             Requested size: 195.0pt x 122.92546pt.

Overfull \hbox (2.556pt too wide) in paragraph at lines 324--334
[]$[]$ $[]$ 
 []

[12 <./4pointpath.png> <./4pointall.png> <./5pointpath.png> <./finalpath.png>]
<pic5.png, id=76, 534.798pt x 304.7385pt>
File: pic5.png Graphic file (type png)
<use pic5.png>
Package pdftex.def Info: pic5.png  used on input line 348.
(pdftex.def)             Requested size: 312.00119pt x 177.78539pt.

[13 <./pic5.png>]
Overfull \hbox (27.36346pt too wide) in paragraph at lines 353--353
|[]\OT1/qbk/b/n/17.28 Reinforcement Learn-ing For Op-ti-mal Path| 
 []


Underfull \hbox (badness 10000) in paragraph at lines 356--357

 []

LaTeX Font Info:    Trying to load font information for TS1+qbk on input line 3
63.
(C:\Users\PC\AppData\Local\Programs\MiKTeX\tex/latex/tex-gyre\ts1qbk.fd
File: ts1qbk.fd 2009/09/25 v1.2 font definition file for TS1/qbk
)
Underfull \hbox (badness 10000) in paragraph at lines 369--370

 []

<rewardfunc.png, id=81, 904.1278pt x 517.18219pt>
File: rewardfunc.png Graphic file (type png)
<use rewardfunc.png>
Package pdftex.def Info: rewardfunc.png  used on input line 378.
(pdftex.def)             Requested size: 390.0pt x 223.08635pt.
[14]
Underfull \hbox (badness 10000) in paragraph at lines 384--385

 []

[15 <./rewardfunc.png (PNG copy)>]
Underfull \vbox (badness 10000) has occurred while \output is active []

 [16]
[17]
Overfull \hbox (7.41103pt too wide) in paragraph at lines 486--487
[]\OT1/qbk/m/n/12 To en-hance the vi-sual aes-thet-ics of the plots, I ap-plied
 the "seaborn-
 []


Overfull \hbox (5.84352pt too wide) in paragraph at lines 488--489
\OT1/qbk/m/n/12 mod-ule called "QA-gent," which will be em-ployed in sub-se-que
nt stages
 []


Overfull \hbox (4.21146pt too wide) in paragraph at lines 490--491
\OT1/qbk/m/n/12 dataset con-tains co-or-di-nate points rep-re-sent-ing the Cart
e-sian plane,
 []

[18] [19]
Underfull \vbox (badness 10000) has occurred while \output is active []

 [20]
Underfull \vbox (badness 10000) has occurred while \output is active []

 [21]
[22]
Underfull \vbox (badness 2035) has occurred while \output is active []

 [23]
Overfull \hbox (8.17047pt too wide) in paragraph at lines 709--710
[]\OT1/qbk/m/n/12 The code de-fines a cus-tom class called \OT1/cmtt/m/n/12 Del
iveryQAgent\OT1/qbk/m/n/12 , which serves
 []


Overfull \hbox (4.62064pt too wide) in paragraph at lines 711--712
\OT1/cmtt/m/n/12 super().[][]init[][](*args,**kwargs)\OT1/qbk/m/n/12 . Ad-di-ti
on-ally, it ini-tial-izes two lists,
 []

[24]
Overfull \hbox (3.90945pt too wide) in paragraph at lines 768--769
[]\OT1/qbk/m/n/12 Training and Q-Table Up-date: The agent's Q-table is up-dated
 based
 []


Overfull \hbox (2.31456pt too wide) in paragraph at lines 768--769
\OT1/qbk/m/n/12 on the ex-pe-ri-ence gained dur-ing the episode us-ing the \OT1
/cmtt/m/n/12 train \OT1/qbk/m/n/12 method. 
 []

[25]
Overfull \hbox (4.99112pt too wide) in paragraph at lines 774--775
\OT1/qbk/m/n/12 agent, and the to-tal episode re-ward as \OT1/cmtt/m/n/12 env\O
T1/qbk/m/n/12 , \OT1/cmtt/m/n/12 agent\OT1/qbk/m/n/12 , and \OT1/cmtt/m/n/12 ep
isode[]reward\OT1/qbk/m/n/12 ,
 []

[26]
<8pt.png, id=125, 715.92468pt x 405.01312pt>
File: 8pt.png Graphic file (type png)
<use 8pt.png>
Package pdftex.def Info: 8pt.png  used on input line 785.
(pdftex.def)             Requested size: 272.99881pt x 154.44423pt.
<8table.png, id=126, 328.22626pt x 311.66437pt>
File: 8table.png Graphic file (type png)
<use 8table.png>
Package pdftex.def Info: 8table.png  used on input line 795.
(pdftex.def)             Requested size: 117.00119pt x 111.09578pt.
<8reward.png, id=127, 618.81187pt x 106.14656pt>
File: 8reward.png Graphic file (type png)
<use 8reward.png>
Package pdftex.def Info: 8reward.png  used on input line 802.
(pdftex.def)             Requested size: 350.99762pt x 60.20938pt.
 [27 <./8pt.png (PNG copy)> <./8table.png (PNG copy)> <./8reward.png (PNG copy)
>]
<26pt.png, id=131, 615.0478pt x 357.58594pt>
File: 26pt.png Graphic file (type png)
<use 26pt.png>
Package pdftex.def Info: 26pt.png  used on input line 815.
(pdftex.def)             Requested size: 272.99881pt x 158.71873pt.
<26table.png, id=132, 278.54062pt x 268.75406pt>
File: 26table.png Graphic file (type png)
<use 26table.png>
Package pdftex.def Info: 26table.png  used on input line 822.
(pdftex.def)             Requested size: 117.00119pt x 112.88823pt.
<26rewardfunc.png, id=133, 495.35063pt x 117.43875pt>
File: 26rewardfunc.png Graphic file (type png)
<use 26rewardfunc.png>
Package pdftex.def Info: 26rewardfunc.png  used on input line 830.
(pdftex.def)             Requested size: 234.00238pt x 55.47754pt.
 [28 <./26pt.png (PNG copy)> <./26table.png (PNG copy)> <./26rewardfunc.png (PN
G copy)>]
<26pt1.png, id=137, 976.39781pt x 542.77782pt>
File: 26pt1.png Graphic file (type png)
<use 26pt1.png>
Package pdftex.def Info: 26pt1.png  used on input line 839.
(pdftex.def)             Requested size: 390.0pt x 216.80084pt.

Underfull \hbox (badness 10000) in paragraph at lines 843--843
|[]\OT1/qbk/b/n/14.4 Limitations|
 []

[29 <./26pt1.png (PNG copy)>]
Overfull \hbox (20.6555pt too wide) in paragraph at lines 860--861
[]\OT1/qbk/m/n/12 Through ex-ten-sive sim-u-la-tions us-ing the afore-men-tione
d ap-proaches,
 []

[30]
Underfull \hbox (badness 10000) in paragraph at lines 863--864
[]\OT1/qbk/m/n/12 Weisstein, Eric W. "Or-tho-tomic." From
 []


Underfull \hbox (badness 10000) in paragraph at lines 863--864
\OT1/qbk/m/n/12 MathWorld--A Wol-fram Web Re-source.
 []

[31

] (final.aux)

LaTeX Warning: There were multiply-defined labels.

 ) 
Here is how much of TeX's memory you used:
 17403 strings out of 478659
 301584 string characters out of 2847342
 2160316 words of memory out of 3000000
 35342 multiletter control sequences out of 15000+600000
 449116 words of font info for 61 fonts, out of 8000000 for 9000
 1141 hyphenation exceptions out of 8191
 80i,8n,167p,1219b,8783s stack positions out of 5000i,500n,10000p,200000b,80000s
{C:/Users/PC/AppData/Local/Programs/MiKTeX/fonts/enc/dvips/tex-gyre/q-ts1.enc
}{C:/Users/PC/AppData/Local/Programs/MiKTeX/fonts/enc/dvips/tex-gyre/q-rm.enc}<
C:/Users/PC/AppData/Local/Programs/MiKTeX/fonts/type1/public/amsfonts/cm/cmmi12
.pfb><C:/Users/PC/AppData/Local/Programs/MiKTeX/fonts/type1/public/amsfonts/cm/
cmr12.pfb><C:/Users/PC/AppData/Local/Programs/MiKTeX/fonts/type1/public/amsfont
s/cm/cmsy10.pfb><C:/Users/PC/AppData/Local/Programs/MiKTeX/fonts/type1/public/a
msfonts/cm/cmtt10.pfb><C:/Users/PC/AppData/Local/Programs/MiKTeX/fonts/type1/pu
blic/amsfonts/cm/cmtt12.pfb><C:/Users/PC/AppData/Local/Programs/MiKTeX/fonts/ty
pe1/public/tex-gyre/qbkb.pfb><C:/Users/PC/AppData/Local/Programs/MiKTeX/fonts/t
ype1/public/tex-gyre/qbkr.pfb><C:/Users/PC/AppData/Local/Programs/MiKTeX/fonts/
type1/public/tex-gyre/qbkri.pfb>
Output written on final.pdf (32 pages, 1830434 bytes).
PDF statistics:
 186 PDF objects out of 1000 (max. 8388607)
 0 named destinations out of 1000 (max. 500000)
 111 words of extra memory for PDF output out of 10000 (max. 10000000)

